{"numTotalTestSuites":13,"numPassedTestSuites":13,"numFailedTestSuites":0,"numPendingTestSuites":0,"numTotalTests":36,"numPassedTests":36,"numFailedTests":0,"numPendingTests":0,"numTodoTests":0,"snapshot":{"added":0,"failure":false,"filesAdded":0,"filesRemoved":0,"filesRemovedList":[],"filesUnmatched":0,"filesUpdated":0,"matched":0,"total":0,"unchecked":0,"uncheckedKeysByFile":[],"unmatched":0,"updated":0,"didUpdate":false},"startTime":1741773106124,"success":true,"testResults":[{"assertionResults":[{"ancestorTitles":["cn (className utility)"],"fullName":"cn (className utility) should handle empty case","status":"passed","title":"should handle empty case","duration":2.8203340000000026,"failureMessages":[],"meta":{}},{"ancestorTitles":["cn (className utility)"],"fullName":"cn (className utility) should merge className strings correctly","status":"passed","title":"should merge className strings correctly","duration":0.4259590000000344,"failureMessages":[],"meta":{}},{"ancestorTitles":["cn (className utility)"],"fullName":"cn (className utility) should handle conditional classes","status":"passed","title":"should handle conditional classes","duration":0.12991599999998016,"failureMessages":[],"meta":{}},{"ancestorTitles":["cn (className utility)"],"fullName":"cn (className utility) should merge tailwind classes efficiently","status":"passed","title":"should merge tailwind classes efficiently","duration":0.1820830000000342,"failureMessages":[],"meta":{}},{"ancestorTitles":["cn (className utility)"],"fullName":"cn (className utility) should handle array inputs","status":"passed","title":"should handle array inputs","duration":0.08887500000003001,"failureMessages":[],"meta":{}},{"ancestorTitles":["formatCurrency"],"fullName":"formatCurrency should format whole numbers correctly","status":"passed","title":"should format whole numbers correctly","duration":10.4822079999999,"failureMessages":[],"meta":{}},{"ancestorTitles":["formatCurrency"],"fullName":"formatCurrency should format decimal numbers correctly","status":"passed","title":"should format decimal numbers correctly","duration":0.10604200000000219,"failureMessages":[],"meta":{}},{"ancestorTitles":["formatCurrency"],"fullName":"formatCurrency should format small numbers correctly","status":"passed","title":"should format small numbers correctly","duration":0.07137500000010277,"failureMessages":[],"meta":{}},{"ancestorTitles":["formatCurrency"],"fullName":"formatCurrency should format zero correctly","status":"passed","title":"should format zero correctly","duration":0.21633299999996325,"failureMessages":[],"meta":{}},{"ancestorTitles":["formatCurrency"],"fullName":"formatCurrency should format large numbers correctly","status":"passed","title":"should format large numbers correctly","duration":0.08395800000005238,"failureMessages":[],"meta":{}}],"startTime":1741773107851,"endTime":1741773107866.2163,"status":"passed","message":"","name":"/Users/garradm/work/learning/ada/APA1-two/apa1-supa-task-frontend/test/lib/utils.test.ts"},{"assertionResults":[{"ancestorTitles":["CartPage"],"fullName":"CartPage renders empty cart state correctly","status":"passed","title":"renders empty cart state correctly","duration":24.08508299999994,"failureMessages":[],"meta":{}},{"ancestorTitles":["CartPage"],"fullName":"CartPage renders cart with products correctly","status":"passed","title":"renders cart with products correctly","duration":31.17170800000008,"failureMessages":[],"meta":{}},{"ancestorTitles":["CartPage"],"fullName":"CartPage displays correct quantity controls","status":"passed","title":"displays correct quantity controls","duration":22.798250000000053,"failureMessages":[],"meta":{}},{"ancestorTitles":["CartPage"],"fullName":"CartPage handles quantity updates correctly","status":"passed","title":"handles quantity updates correctly","duration":66.9213749999999,"failureMessages":[],"meta":{}},{"ancestorTitles":["CartPage"],"fullName":"CartPage handles product removal","status":"passed","title":"handles product removal","duration":12.079332999999906,"failureMessages":[],"meta":{}},{"ancestorTitles":["CartPage"],"fullName":"CartPage displays order summary correctly","status":"passed","title":"displays order summary correctly","duration":3.4282499999999345,"failureMessages":[],"meta":{}},{"ancestorTitles":["CartPage"],"fullName":"CartPage shows checkout button","status":"passed","title":"shows checkout button","duration":7.009667000000036,"failureMessages":[],"meta":{}}],"startTime":1741773107579,"endTime":1741773107747.0098,"status":"passed","message":"","name":"/Users/garradm/work/learning/ada/APA1-two/apa1-supa-task-frontend/test/components/cart/CartPage.test.tsx"},{"assertionResults":[{"ancestorTitles":["BasketProvider"],"fullName":"BasketProvider initializes with empty basket","status":"passed","title":"initializes with empty basket","duration":7.75870800000007,"failureMessages":[],"meta":{}},{"ancestorTitles":["BasketProvider"],"fullName":"BasketProvider adds products to basket","status":"passed","title":"adds products to basket","duration":2.1528749999999945,"failureMessages":[],"meta":{}},{"ancestorTitles":["BasketProvider"],"fullName":"BasketProvider updates quantity of existing product","status":"passed","title":"updates quantity of existing product","duration":1.633707999999956,"failureMessages":[],"meta":{}},{"ancestorTitles":["BasketProvider"],"fullName":"BasketProvider removes products from basket","status":"passed","title":"removes products from basket","duration":1.9697499999998627,"failureMessages":[],"meta":{}},{"ancestorTitles":["BasketProvider"],"fullName":"BasketProvider handles remove unknown","status":"passed","title":"handles remove unknown","duration":1.6853750000000218,"failureMessages":[],"meta":{}},{"ancestorTitles":["BasketProvider"],"fullName":"BasketProvider clears the entire basket","status":"passed","title":"clears the entire basket","duration":1.0212079999998878,"failureMessages":[],"meta":{}},{"ancestorTitles":["BasketProvider"],"fullName":"BasketProvider persists basket state in localStorage","status":"passed","title":"persists basket state in localStorage","duration":0.6405409999999847,"failureMessages":[],"meta":{}},{"ancestorTitles":["BasketProvider"],"fullName":"BasketProvider loads basket state from localStorage","status":"passed","title":"loads basket state from localStorage","duration":0.5992079999998623,"failureMessages":[],"meta":{}}],"startTime":1741773107169,"endTime":1741773107186.599,"status":"passed","message":"","name":"/Users/garradm/work/learning/ada/APA1-two/apa1-supa-task-frontend/test/components/cart/useBasket.test.tsx"},{"assertionResults":[{"ancestorTitles":["CheckoutPage"],"fullName":"CheckoutPage renders shipping form and order summary","status":"passed","title":"renders shipping form and order summary","duration":47.707999999999856,"failureMessages":[],"meta":{}},{"ancestorTitles":["CheckoutPage"],"fullName":"CheckoutPage handles form submission successfully","status":"passed","title":"handles form submission successfully","duration":235.5095839999999,"failureMessages":[],"meta":{}},{"ancestorTitles":["CheckoutPage"],"fullName":"CheckoutPage displays validation errors for required fields","status":"passed","title":"displays validation errors for required fields","duration":22.063083000000006,"failureMessages":[],"meta":{}}],"startTime":1741773107230,"endTime":1741773107536.063,"status":"passed","message":"","name":"/Users/garradm/work/learning/ada/APA1-two/apa1-supa-task-frontend/test/components/checkout/CheckoutPage.test.tsx"},{"assertionResults":[{"ancestorTitles":["ProductDetails"],"fullName":"ProductDetails renders all product information correctly","status":"passed","title":"renders all product information correctly","duration":82.19499999999994,"failureMessages":[],"meta":{}},{"ancestorTitles":["ProductDetails"],"fullName":"ProductDetails displays quantity selector with correct options","status":"passed","title":"displays quantity selector with correct options","duration":46.37233400000014,"failureMessages":[],"meta":{}},{"ancestorTitles":["ProductDetails"],"fullName":"ProductDetails shows add to cart button with correct text and icon","status":"passed","title":"shows add to cart button with correct text and icon","duration":13.166749999999865,"failureMessages":[],"meta":{}},{"ancestorTitles":["ProductDetails"],"fullName":"ProductDetails displays additional product details section","status":"passed","title":"displays additional product details section","duration":7.903957999999875,"failureMessages":[],"meta":{}},{"ancestorTitles":["ProductDetails"],"fullName":"ProductDetails renders product image correctly","status":"passed","title":"renders product image correctly","duration":9.908666999999923,"failureMessages":[],"meta":{}},{"ancestorTitles":[],"fullName":"calls addProduct when add to cart button is clicked","status":"passed","title":"calls addProduct when add to cart button is clicked","duration":22.728374999999915,"failureMessages":[],"meta":{}}],"startTime":1741773107598,"endTime":1741773107780.7283,"status":"passed","message":"","name":"/Users/garradm/work/learning/ada/APA1-two/apa1-supa-task-frontend/test/components/products/ProductDetails.test.tsx"},{"assertionResults":[{"ancestorTitles":["ProductsGrid"],"fullName":"ProductsGrid renders the products grid with correct content","status":"passed","title":"renders the products grid with correct content","duration":98.00524999999993,"failureMessages":[],"meta":{}},{"ancestorTitles":["ProductsGrid"],"fullName":"ProductsGrid renders empty grid when no products are provided","status":"passed","title":"renders empty grid when no products are provided","duration":7.6413330000000315,"failureMessages":[],"meta":{}}],"startTime":1741773107575,"endTime":1741773107680.6414,"status":"passed","message":"","name":"/Users/garradm/work/learning/ada/APA1-two/apa1-supa-task-frontend/test/components/products/ProductGrid.test.tsx"}]}