{
  "numTotalTestSuites": 13,
  "numPassedTestSuites": 13,
  "numFailedTestSuites": 0,
  "numPendingTestSuites": 0,
  "numTotalTests": 34,
  "numPassedTests": 34,
  "numFailedTests": 0,
  "numPendingTests": 0,
  "numTodoTests": 0,
  "snapshot": {
    "added": 0,
    "failure": false,
    "filesAdded": 0,
    "filesRemoved": 0,
    "filesRemovedList": [],
    "filesUnmatched": 0,
    "filesUpdated": 0,
    "matched": 0,
    "total": 0,
    "unchecked": 0,
    "uncheckedKeysByFile": [],
    "unmatched": 0,
    "updated": 0,
    "didUpdate": false
  },
  "startTime": 1741691910169,
  "success": true,
  "testResults": [
    {
      "assertionResults": [
        {
          "ancestorTitles": ["cn (className utility)"],
          "fullName": "cn (className utility) should merge className strings correctly",
          "status": "passed",
          "title": "should merge className strings correctly",
          "duration": 3.96554100000003,
          "failureMessages": [],
          "meta": {}
        },
        {
          "ancestorTitles": ["cn (className utility)"],
          "fullName": "cn (className utility) should handle conditional classes",
          "status": "passed",
          "title": "should handle conditional classes",
          "duration": 0.20354199999997036,
          "failureMessages": [],
          "meta": {}
        },
        {
          "ancestorTitles": ["cn (className utility)"],
          "fullName": "cn (className utility) should merge tailwind classes efficiently",
          "status": "passed",
          "title": "should merge tailwind classes efficiently",
          "duration": 0.28062499999998636,
          "failureMessages": [],
          "meta": {}
        },
        {
          "ancestorTitles": ["cn (className utility)"],
          "fullName": "cn (className utility) should handle array inputs",
          "status": "passed",
          "title": "should handle array inputs",
          "duration": 0.15916700000002493,
          "failureMessages": [],
          "meta": {}
        },
        {
          "ancestorTitles": ["formatCurrency"],
          "fullName": "formatCurrency should format whole numbers correctly",
          "status": "passed",
          "title": "should format whole numbers correctly",
          "duration": 13.515957999999955,
          "failureMessages": [],
          "meta": {}
        },
        {
          "ancestorTitles": ["formatCurrency"],
          "fullName": "formatCurrency should format decimal numbers correctly",
          "status": "passed",
          "title": "should format decimal numbers correctly",
          "duration": 0.14554199999997763,
          "failureMessages": [],
          "meta": {}
        },
        {
          "ancestorTitles": ["formatCurrency"],
          "fullName": "formatCurrency should format small numbers correctly",
          "status": "passed",
          "title": "should format small numbers correctly",
          "duration": 0.08920799999998508,
          "failureMessages": [],
          "meta": {}
        },
        {
          "ancestorTitles": ["formatCurrency"],
          "fullName": "formatCurrency should format zero correctly",
          "status": "passed",
          "title": "should format zero correctly",
          "duration": 0.07891700000004676,
          "failureMessages": [],
          "meta": {}
        },
        {
          "ancestorTitles": ["formatCurrency"],
          "fullName": "formatCurrency should format large numbers correctly",
          "status": "passed",
          "title": "should format large numbers correctly",
          "duration": 0.2377079999999978,
          "failureMessages": [],
          "meta": {}
        }
      ],
      "startTime": 1741691911466,
      "endTime": 1741691911485.2378,
      "status": "passed",
      "message": "",
      "name": "/Users/garradm/work/learning/ada/APA1-two/apa1-supa-task-frontend/test/lib/utils.test.ts"
    },
    {
      "assertionResults": [
        {
          "ancestorTitles": ["CartPage"],
          "fullName": "CartPage renders empty cart state correctly",
          "status": "passed",
          "title": "renders empty cart state correctly",
          "duration": 19.883416000000125,
          "failureMessages": [],
          "meta": {}
        },
        {
          "ancestorTitles": ["CartPage"],
          "fullName": "CartPage renders cart with products correctly",
          "status": "passed",
          "title": "renders cart with products correctly",
          "duration": 20.97375000000011,
          "failureMessages": [],
          "meta": {}
        },
        {
          "ancestorTitles": ["CartPage"],
          "fullName": "CartPage displays correct quantity controls",
          "status": "passed",
          "title": "displays correct quantity controls",
          "duration": 6.344084000000066,
          "failureMessages": [],
          "meta": {}
        },
        {
          "ancestorTitles": ["CartPage"],
          "fullName": "CartPage handles quantity updates correctly",
          "status": "passed",
          "title": "handles quantity updates correctly",
          "duration": 58.624291000000085,
          "failureMessages": [],
          "meta": {}
        },
        {
          "ancestorTitles": ["CartPage"],
          "fullName": "CartPage handles product removal",
          "status": "passed",
          "title": "handles product removal",
          "duration": 10.826750000000175,
          "failureMessages": [],
          "meta": {}
        },
        {
          "ancestorTitles": ["CartPage"],
          "fullName": "CartPage displays order summary correctly",
          "status": "passed",
          "title": "displays order summary correctly",
          "duration": 3.20637499999998,
          "failureMessages": [],
          "meta": {}
        },
        {
          "ancestorTitles": ["CartPage"],
          "fullName": "CartPage shows checkout button",
          "status": "passed",
          "title": "shows checkout button",
          "duration": 5.96879100000001,
          "failureMessages": [],
          "meta": {}
        }
      ],
      "startTime": 1741691911237,
      "endTime": 1741691911362.9688,
      "status": "passed",
      "message": "",
      "name": "/Users/garradm/work/learning/ada/APA1-two/apa1-supa-task-frontend/test/components/cart/CartPage.test.tsx"
    },
    {
      "assertionResults": [
        {
          "ancestorTitles": ["BasketProvider"],
          "fullName": "BasketProvider initializes with empty basket",
          "status": "passed",
          "title": "initializes with empty basket",
          "duration": 8.040292000000022,
          "failureMessages": [],
          "meta": {}
        },
        {
          "ancestorTitles": ["BasketProvider"],
          "fullName": "BasketProvider adds products to basket",
          "status": "passed",
          "title": "adds products to basket",
          "duration": 2.764167000000043,
          "failureMessages": [],
          "meta": {}
        },
        {
          "ancestorTitles": ["BasketProvider"],
          "fullName": "BasketProvider updates quantity of existing product",
          "status": "passed",
          "title": "updates quantity of existing product",
          "duration": 1.7792919999999413,
          "failureMessages": [],
          "meta": {}
        },
        {
          "ancestorTitles": ["BasketProvider"],
          "fullName": "BasketProvider removes products from basket",
          "status": "passed",
          "title": "removes products from basket",
          "duration": 1.4017920000000004,
          "failureMessages": [],
          "meta": {}
        },
        {
          "ancestorTitles": ["BasketProvider"],
          "fullName": "BasketProvider clears the entire basket",
          "status": "passed",
          "title": "clears the entire basket",
          "duration": 1.3251249999999573,
          "failureMessages": [],
          "meta": {}
        },
        {
          "ancestorTitles": ["BasketProvider"],
          "fullName": "BasketProvider persists basket state in localStorage",
          "status": "passed",
          "title": "persists basket state in localStorage",
          "duration": 1.0992919999999913,
          "failureMessages": [],
          "meta": {}
        },
        {
          "ancestorTitles": ["BasketProvider"],
          "fullName": "BasketProvider loads basket state from localStorage",
          "status": "passed",
          "title": "loads basket state from localStorage",
          "duration": 0.863083999999958,
          "failureMessages": [],
          "meta": {}
        }
      ],
      "startTime": 1741691910895,
      "endTime": 1741691910912.863,
      "status": "passed",
      "message": "",
      "name": "/Users/garradm/work/learning/ada/APA1-two/apa1-supa-task-frontend/test/components/cart/useBasket.test.tsx"
    },
    {
      "assertionResults": [
        {
          "ancestorTitles": ["CheckoutPage"],
          "fullName": "CheckoutPage renders shipping form and order summary",
          "status": "passed",
          "title": "renders shipping form and order summary",
          "duration": 47.39820800000007,
          "failureMessages": [],
          "meta": {}
        },
        {
          "ancestorTitles": ["CheckoutPage"],
          "fullName": "CheckoutPage handles form submission successfully",
          "status": "passed",
          "title": "handles form submission successfully",
          "duration": 207.12020800000005,
          "failureMessages": [],
          "meta": {}
        },
        {
          "ancestorTitles": ["CheckoutPage"],
          "fullName": "CheckoutPage displays validation errors for required fields",
          "status": "passed",
          "title": "displays validation errors for required fields",
          "duration": 17.570583000000056,
          "failureMessages": [],
          "meta": {}
        }
      ],
      "startTime": 1741691910953,
      "endTime": 1741691911224.5706,
      "status": "passed",
      "message": "",
      "name": "/Users/garradm/work/learning/ada/APA1-two/apa1-supa-task-frontend/test/components/checkout/CheckoutPage.test.tsx"
    },
    {
      "assertionResults": [
        {
          "ancestorTitles": ["ProductDetails"],
          "fullName": "ProductDetails renders all product information correctly",
          "status": "passed",
          "title": "renders all product information correctly",
          "duration": 55.50999999999999,
          "failureMessages": [],
          "meta": {}
        },
        {
          "ancestorTitles": ["ProductDetails"],
          "fullName": "ProductDetails displays quantity selector with correct options",
          "status": "passed",
          "title": "displays quantity selector with correct options",
          "duration": 42.48695799999996,
          "failureMessages": [],
          "meta": {}
        },
        {
          "ancestorTitles": ["ProductDetails"],
          "fullName": "ProductDetails shows add to cart button with correct text and icon",
          "status": "passed",
          "title": "shows add to cart button with correct text and icon",
          "duration": 12.069915999999921,
          "failureMessages": [],
          "meta": {}
        },
        {
          "ancestorTitles": ["ProductDetails"],
          "fullName": "ProductDetails displays additional product details section",
          "status": "passed",
          "title": "displays additional product details section",
          "duration": 6.4903750000000855,
          "failureMessages": [],
          "meta": {}
        },
        {
          "ancestorTitles": ["ProductDetails"],
          "fullName": "ProductDetails renders product image correctly",
          "status": "passed",
          "title": "renders product image correctly",
          "duration": 8.580916000000116,
          "failureMessages": [],
          "meta": {}
        },
        {
          "ancestorTitles": [],
          "fullName": "calls addProduct when add to cart button is clicked",
          "status": "passed",
          "title": "calls addProduct when add to cart button is clicked",
          "duration": 24.65270899999996,
          "failureMessages": [],
          "meta": {}
        }
      ],
      "startTime": 1741691911251,
      "endTime": 1741691911400.6526,
      "status": "passed",
      "message": "",
      "name": "/Users/garradm/work/learning/ada/APA1-two/apa1-supa-task-frontend/test/components/products/ProductDetails.test.tsx"
    },
    {
      "assertionResults": [
        {
          "ancestorTitles": ["ProductsGrid"],
          "fullName": "ProductsGrid renders the products grid with correct content",
          "status": "passed",
          "title": "renders the products grid with correct content",
          "duration": 56.507499999999936,
          "failureMessages": [],
          "meta": {}
        },
        {
          "ancestorTitles": ["ProductsGrid"],
          "fullName": "ProductsGrid renders empty grid when no products are provided",
          "status": "passed",
          "title": "renders empty grid when no products are provided",
          "duration": 2.3822920000000067,
          "failureMessages": [],
          "meta": {}
        }
      ],
      "startTime": 1741691910920,
      "endTime": 1741691910979.3823,
      "status": "passed",
      "message": "",
      "name": "/Users/garradm/work/learning/ada/APA1-two/apa1-supa-task-frontend/test/components/products/ProductGrid.test.tsx"
    }
  ]
}
